2025-01-03T09:02:55.177-03:00  INFO 15924 --- [mscustomers] [restartedMain] c.m.mscustomers.MscustomersApplication   : Starting MscustomersApplication using Java 23.0.1 with PID 15924 (D:\Repositórios\Java-Microservices\mscustomers\target\classes started by Raul in D:\Repositórios\Java-Microservices\mscustomers)
2025-01-03T09:02:55.178-03:00  INFO 15924 --- [mscustomers] [restartedMain] c.m.mscustomers.MscustomersApplication   : No active profile set, falling back to 1 default profile: "default"
2025-01-03T09:02:55.226-03:00  INFO 15924 --- [mscustomers] [restartedMain] .e.DevToolsPropertyDefaultsPostProcessor : Devtools property defaults active! Set 'spring.devtools.add-properties' to 'false' to disable
2025-01-03T09:02:55.226-03:00  INFO 15924 --- [mscustomers] [restartedMain] .e.DevToolsPropertyDefaultsPostProcessor : For additional web related logging consider setting the 'logging.level.web' property to 'DEBUG'
2025-01-03T09:02:55.918-03:00  INFO 15924 --- [mscustomers] [restartedMain] .s.d.r.c.RepositoryConfigurationDelegate : Bootstrapping Spring Data JPA repositories in DEFAULT mode.
2025-01-03T09:02:55.993-03:00  INFO 15924 --- [mscustomers] [restartedMain] .s.d.r.c.RepositoryConfigurationDelegate : Finished Spring Data repository scanning in 68 ms. Found 1 JPA repository interface.
2025-01-03T09:02:56.148-03:00  INFO 15924 --- [mscustomers] [restartedMain] o.s.cloud.context.scope.GenericScope     : BeanFactory id=cb6c0881-6d53-3576-8f4c-f933996c6401
2025-01-03T09:02:56.688-03:00  INFO 15924 --- [mscustomers] [restartedMain] o.s.b.w.embedded.tomcat.TomcatWebServer  : Tomcat initialized with port 0 (http)
2025-01-03T09:02:56.705-03:00  INFO 15924 --- [mscustomers] [restartedMain] o.apache.catalina.core.StandardService   : Starting service [Tomcat]
2025-01-03T09:02:56.705-03:00  INFO 15924 --- [mscustomers] [restartedMain] o.apache.catalina.core.StandardEngine    : Starting Servlet engine: [Apache Tomcat/10.1.33]
2025-01-03T09:02:56.758-03:00  INFO 15924 --- [mscustomers] [restartedMain] o.a.c.c.C.[Tomcat].[localhost].[/]       : Initializing Spring embedded WebApplicationContext
2025-01-03T09:02:56.758-03:00  INFO 15924 --- [mscustomers] [restartedMain] w.s.c.ServletWebServerApplicationContext : Root WebApplicationContext: initialization completed in 1531 ms
2025-01-03T09:02:56.854-03:00  INFO 15924 --- [mscustomers] [restartedMain] com.zaxxer.hikari.HikariDataSource       : HikariPool-1 - Starting...
2025-01-03T09:02:56.994-03:00  INFO 15924 --- [mscustomers] [restartedMain] com.zaxxer.hikari.pool.HikariPool        : HikariPool-1 - Added connection conn0: url=jdbc:h2:mem:bf28d0bc-ea0b-4f79-a3e7-0f9d3a36700e user=SA
2025-01-03T09:02:56.995-03:00  INFO 15924 --- [mscustomers] [restartedMain] com.zaxxer.hikari.HikariDataSource       : HikariPool-1 - Start completed.
2025-01-03T09:02:57.004-03:00  INFO 15924 --- [mscustomers] [restartedMain] o.s.b.a.h2.H2ConsoleAutoConfiguration    : H2 console available at '/h2-console'. Database available at 'jdbc:h2:mem:bf28d0bc-ea0b-4f79-a3e7-0f9d3a36700e'
2025-01-03T09:02:57.257-03:00  INFO 15924 --- [mscustomers] [restartedMain] o.hibernate.jpa.internal.util.LogHelper  : HHH000204: Processing PersistenceUnitInfo [name: default]
2025-01-03T09:02:57.317-03:00  INFO 15924 --- [mscustomers] [restartedMain] org.hibernate.Version                    : HHH000412: Hibernate ORM core version 6.6.2.Final
2025-01-03T09:02:57.340-03:00  INFO 15924 --- [mscustomers] [restartedMain] o.h.c.internal.RegionFactoryInitiator    : HHH000026: Second-level cache disabled
2025-01-03T09:02:57.520-03:00  INFO 15924 --- [mscustomers] [restartedMain] o.s.o.j.p.SpringPersistenceUnitInfo      : No LoadTimeWeaver setup: ignoring JPA class transformer
2025-01-03T09:02:57.572-03:00  INFO 15924 --- [mscustomers] [restartedMain] org.hibernate.orm.connections.pooling    : HHH10001005: Database info:
	Database JDBC URL [Connecting through datasource 'HikariDataSource (HikariPool-1)']
	Database driver: undefined/unknown
	Database version: 2.3.232
	Autocommit mode: undefined/unknown
	Isolation level: undefined/unknown
	Minimum pool size: undefined/unknown
	Maximum pool size: undefined/unknown
2025-01-03T09:02:57.991-03:00  INFO 15924 --- [mscustomers] [restartedMain] o.h.e.t.j.p.i.JtaPlatformInitiator       : HHH000489: No JTA platform available (set 'hibernate.transaction.jta.platform' to enable JTA platform integration)
2025-01-03T09:02:58.010-03:00  INFO 15924 --- [mscustomers] [restartedMain] j.LocalContainerEntityManagerFactoryBean : Initialized JPA EntityManagerFactory for persistence unit 'default'
2025-01-03T09:02:58.280-03:00  WARN 15924 --- [mscustomers] [restartedMain] JpaBaseConfiguration$JpaWebConfiguration : spring.jpa.open-in-view is enabled by default. Therefore, database queries may be performed during view rendering. Explicitly configure spring.jpa.open-in-view to disable this warning
2025-01-03T09:02:58.907-03:00  INFO 15924 --- [mscustomers] [restartedMain] o.s.b.d.a.OptionalLiveReloadServer       : LiveReload server is running on port 35729
2025-01-03T09:02:58.927-03:00  INFO 15924 --- [mscustomers] [restartedMain] DiscoveryClientOptionalArgsConfiguration : Eureka HTTP Client uses RestTemplate.
2025-01-03T09:02:58.960-03:00  WARN 15924 --- [mscustomers] [restartedMain] iguration$LoadBalancerCaffeineWarnLogger : Spring Cloud LoadBalancer is currently working with the default cache. While this cache implementation is useful for development and tests, it's recommended to use Caffeine cache in production.You can switch to using Caffeine cache, by adding it and org.springframework.cache.caffeine.CaffeineCacheManager to the classpath.
2025-01-03T09:02:58.967-03:00  INFO 15924 --- [mscustomers] [restartedMain] o.s.b.a.e.web.EndpointLinksResolver      : Exposing 18 endpoints beneath base path '/actuator'
2025-01-03T09:02:59.045-03:00  INFO 15924 --- [mscustomers] [restartedMain] o.s.b.w.embedded.tomcat.TomcatWebServer  : Tomcat started on port 56569 (http) with context path '/'
2025-01-03T09:02:59.046-03:00  INFO 15924 --- [mscustomers] [restartedMain] .s.c.n.e.s.EurekaAutoServiceRegistration : Updating port to 56569
2025-01-03T09:02:59.048-03:00  INFO 15924 --- [mscustomers] [restartedMain] o.s.c.n.eureka.InstanceInfoFactory       : Setting initial instance status as: STARTING
2025-01-03T09:02:59.061-03:00  INFO 15924 --- [mscustomers] [restartedMain] com.netflix.discovery.DiscoveryClient    : Initializing Eureka in region us-east-1
2025-01-03T09:02:59.063-03:00  INFO 15924 --- [mscustomers] [restartedMain] c.n.d.s.r.aws.ConfigClusterResolver      : Resolving eureka endpoints via configuration
2025-01-03T09:02:59.068-03:00  INFO 15924 --- [mscustomers] [restartedMain] com.netflix.discovery.DiscoveryClient    : Disable delta property : false
2025-01-03T09:02:59.069-03:00  INFO 15924 --- [mscustomers] [restartedMain] com.netflix.discovery.DiscoveryClient    : Single vip registry refresh property : null
2025-01-03T09:02:59.069-03:00  INFO 15924 --- [mscustomers] [restartedMain] com.netflix.discovery.DiscoveryClient    : Force full registry fetch : false
2025-01-03T09:02:59.069-03:00  INFO 15924 --- [mscustomers] [restartedMain] com.netflix.discovery.DiscoveryClient    : Application is null : false
2025-01-03T09:02:59.069-03:00  INFO 15924 --- [mscustomers] [restartedMain] com.netflix.discovery.DiscoveryClient    : Registered Applications size is zero : true
2025-01-03T09:02:59.069-03:00  INFO 15924 --- [mscustomers] [restartedMain] com.netflix.discovery.DiscoveryClient    : Application version is -1: true
2025-01-03T09:02:59.069-03:00  INFO 15924 --- [mscustomers] [restartedMain] com.netflix.discovery.DiscoveryClient    : Getting all instance registry info from the eureka server
2025-01-03T09:02:59.494-03:00  INFO 15924 --- [mscustomers] [restartedMain] com.netflix.discovery.DiscoveryClient    : The response status is 200
2025-01-03T09:02:59.495-03:00  INFO 15924 --- [mscustomers] [restartedMain] com.netflix.discovery.DiscoveryClient    : Starting heartbeat executor: renew interval is: 30
2025-01-03T09:02:59.495-03:00  INFO 15924 --- [mscustomers] [restartedMain] c.n.discovery.InstanceInfoReplicator     : InstanceInfoReplicator onDemand update allowed rate per min is 4
2025-01-03T09:02:59.497-03:00  INFO 15924 --- [mscustomers] [restartedMain] com.netflix.discovery.DiscoveryClient    : Discovery Client initialized at timestamp 1735905779496 with initial instances count: 0
2025-01-03T09:02:59.501-03:00  INFO 15924 --- [mscustomers] [restartedMain] o.s.c.n.e.s.EurekaServiceRegistry        : Registering application MSCUSTOMERS with eureka with status UP
2025-01-03T09:02:59.501-03:00  INFO 15924 --- [mscustomers] [restartedMain] com.netflix.discovery.DiscoveryClient    : Saw local status change event StatusChangeEvent [timestamp=1735905779501, current=UP, previous=STARTING]
2025-01-03T09:02:59.502-03:00  INFO 15924 --- [mscustomers] [DiscoveryClient-InstanceInfoReplicator-%d] com.netflix.discovery.DiscoveryClient    : DiscoveryClient_MSCUSTOMERS/mscustomers:81797c76fee979b09eba128919db2f9d: registering service...
2025-01-03T09:02:59.513-03:00  INFO 15924 --- [mscustomers] [restartedMain] c.m.mscustomers.MscustomersApplication   : Started MscustomersApplication in 4.653 seconds (process running for 5.155)
2025-01-03T09:02:59.642-03:00  INFO 15924 --- [mscustomers] [DiscoveryClient-InstanceInfoReplicator-%d] com.netflix.discovery.DiscoveryClient    : DiscoveryClient_MSCUSTOMERS/mscustomers:81797c76fee979b09eba128919db2f9d - registration status: 204
2025-01-03T09:03:29.507-03:00  INFO 15924 --- [mscustomers] [DiscoveryClient-CacheRefreshExecutor-%d] com.netflix.discovery.DiscoveryClient    : Disable delta property : false
2025-01-03T09:03:29.507-03:00  INFO 15924 --- [mscustomers] [DiscoveryClient-CacheRefreshExecutor-%d] com.netflix.discovery.DiscoveryClient    : Single vip registry refresh property : null
2025-01-03T09:03:29.507-03:00  INFO 15924 --- [mscustomers] [DiscoveryClient-CacheRefreshExecutor-%d] com.netflix.discovery.DiscoveryClient    : Force full registry fetch : false
2025-01-03T09:03:29.507-03:00  INFO 15924 --- [mscustomers] [DiscoveryClient-CacheRefreshExecutor-%d] com.netflix.discovery.DiscoveryClient    : Application is null : false
2025-01-03T09:03:29.507-03:00  INFO 15924 --- [mscustomers] [DiscoveryClient-CacheRefreshExecutor-%d] com.netflix.discovery.DiscoveryClient    : Registered Applications size is zero : true
2025-01-03T09:03:29.507-03:00  INFO 15924 --- [mscustomers] [DiscoveryClient-CacheRefreshExecutor-%d] com.netflix.discovery.DiscoveryClient    : Application version is -1: false
2025-01-03T09:03:29.507-03:00  INFO 15924 --- [mscustomers] [DiscoveryClient-CacheRefreshExecutor-%d] com.netflix.discovery.DiscoveryClient    : Getting all instance registry info from the eureka server
2025-01-03T09:03:29.586-03:00  INFO 15924 --- [mscustomers] [DiscoveryClient-CacheRefreshExecutor-%d] com.netflix.discovery.DiscoveryClient    : The response status is 200
