2025-01-05T10:38:37.246-03:00  INFO 16532 --- [mscreditcards] [restartedMain] c.m.m.MscreditcardsApplication           : Starting MscreditcardsApplication using Java 23.0.1 with PID 16532 (D:\Repositórios\Java-Microservices\mscreditcards\target\classes started by Raul in D:\Repositórios\Java-Microservices\mscreditcards)
2025-01-05T10:38:37.247-03:00  INFO 16532 --- [mscreditcards] [restartedMain] c.m.m.MscreditcardsApplication           : No active profile set, falling back to 1 default profile: "default"
2025-01-05T10:38:37.293-03:00  INFO 16532 --- [mscreditcards] [restartedMain] .e.DevToolsPropertyDefaultsPostProcessor : Devtools property defaults active! Set 'spring.devtools.add-properties' to 'false' to disable
2025-01-05T10:38:37.293-03:00  INFO 16532 --- [mscreditcards] [restartedMain] .e.DevToolsPropertyDefaultsPostProcessor : For additional web related logging consider setting the 'logging.level.web' property to 'DEBUG'
2025-01-05T10:38:38.100-03:00  INFO 16532 --- [mscreditcards] [restartedMain] .s.d.r.c.RepositoryConfigurationDelegate : Bootstrapping Spring Data JPA repositories in DEFAULT mode.
2025-01-05T10:38:38.176-03:00  INFO 16532 --- [mscreditcards] [restartedMain] .s.d.r.c.RepositoryConfigurationDelegate : Finished Spring Data repository scanning in 70 ms. Found 2 JPA repository interfaces.
2025-01-05T10:38:38.335-03:00  INFO 16532 --- [mscreditcards] [restartedMain] o.s.cloud.context.scope.GenericScope     : BeanFactory id=2f006e63-3dde-3901-9155-dbd04649e8ae
2025-01-05T10:38:38.946-03:00  INFO 16532 --- [mscreditcards] [restartedMain] o.s.b.w.embedded.tomcat.TomcatWebServer  : Tomcat initialized with port 0 (http)
2025-01-05T10:38:38.961-03:00  INFO 16532 --- [mscreditcards] [restartedMain] o.apache.catalina.core.StandardService   : Starting service [Tomcat]
2025-01-05T10:38:38.962-03:00  INFO 16532 --- [mscreditcards] [restartedMain] o.apache.catalina.core.StandardEngine    : Starting Servlet engine: [Apache Tomcat/10.1.33]
2025-01-05T10:38:39.025-03:00  INFO 16532 --- [mscreditcards] [restartedMain] o.a.c.c.C.[Tomcat].[localhost].[/]       : Initializing Spring embedded WebApplicationContext
2025-01-05T10:38:39.025-03:00  INFO 16532 --- [mscreditcards] [restartedMain] w.s.c.ServletWebServerApplicationContext : Root WebApplicationContext: initialization completed in 1732 ms
2025-01-05T10:38:39.132-03:00  INFO 16532 --- [mscreditcards] [restartedMain] com.zaxxer.hikari.HikariDataSource       : HikariPool-1 - Starting...
2025-01-05T10:38:39.267-03:00  INFO 16532 --- [mscreditcards] [restartedMain] com.zaxxer.hikari.pool.HikariPool        : HikariPool-1 - Added connection conn0: url=jdbc:h2:mem:f0dcaf64-d956-4dc4-ac07-0b83d5ded76d user=SA
2025-01-05T10:38:39.268-03:00  INFO 16532 --- [mscreditcards] [restartedMain] com.zaxxer.hikari.HikariDataSource       : HikariPool-1 - Start completed.
2025-01-05T10:38:39.275-03:00  INFO 16532 --- [mscreditcards] [restartedMain] o.s.b.a.h2.H2ConsoleAutoConfiguration    : H2 console available at '/h2-console'. Database available at 'jdbc:h2:mem:f0dcaf64-d956-4dc4-ac07-0b83d5ded76d'
2025-01-05T10:38:39.543-03:00  INFO 16532 --- [mscreditcards] [restartedMain] o.hibernate.jpa.internal.util.LogHelper  : HHH000204: Processing PersistenceUnitInfo [name: default]
2025-01-05T10:38:39.614-03:00  INFO 16532 --- [mscreditcards] [restartedMain] org.hibernate.Version                    : HHH000412: Hibernate ORM core version 6.6.2.Final
2025-01-05T10:38:39.638-03:00  INFO 16532 --- [mscreditcards] [restartedMain] o.h.c.internal.RegionFactoryInitiator    : HHH000026: Second-level cache disabled
2025-01-05T10:38:39.810-03:00  INFO 16532 --- [mscreditcards] [restartedMain] o.s.o.j.p.SpringPersistenceUnitInfo      : No LoadTimeWeaver setup: ignoring JPA class transformer
2025-01-05T10:38:39.859-03:00  INFO 16532 --- [mscreditcards] [restartedMain] org.hibernate.orm.connections.pooling    : HHH10001005: Database info:
	Database JDBC URL [Connecting through datasource 'HikariDataSource (HikariPool-1)']
	Database driver: undefined/unknown
	Database version: 2.3.232
	Autocommit mode: undefined/unknown
	Isolation level: undefined/unknown
	Minimum pool size: undefined/unknown
	Maximum pool size: undefined/unknown
2025-01-05T10:38:40.309-03:00  INFO 16532 --- [mscreditcards] [restartedMain] o.h.e.t.j.p.i.JtaPlatformInitiator       : HHH000489: No JTA platform available (set 'hibernate.transaction.jta.platform' to enable JTA platform integration)
2025-01-05T10:38:40.339-03:00  INFO 16532 --- [mscreditcards] [restartedMain] j.LocalContainerEntityManagerFactoryBean : Initialized JPA EntityManagerFactory for persistence unit 'default'
2025-01-05T10:38:40.808-03:00  WARN 16532 --- [mscreditcards] [restartedMain] JpaBaseConfiguration$JpaWebConfiguration : spring.jpa.open-in-view is enabled by default. Therefore, database queries may be performed during view rendering. Explicitly configure spring.jpa.open-in-view to disable this warning
2025-01-05T10:38:41.770-03:00  INFO 16532 --- [mscreditcards] [restartedMain] o.s.b.d.a.OptionalLiveReloadServer       : LiveReload server is running on port 35729
2025-01-05T10:38:41.790-03:00  INFO 16532 --- [mscreditcards] [restartedMain] DiscoveryClientOptionalArgsConfiguration : Eureka HTTP Client uses RestTemplate.
2025-01-05T10:38:41.835-03:00  WARN 16532 --- [mscreditcards] [restartedMain] iguration$LoadBalancerCaffeineWarnLogger : Spring Cloud LoadBalancer is currently working with the default cache. While this cache implementation is useful for development and tests, it's recommended to use Caffeine cache in production.You can switch to using Caffeine cache, by adding it and org.springframework.cache.caffeine.CaffeineCacheManager to the classpath.
2025-01-05T10:38:41.840-03:00  INFO 16532 --- [mscreditcards] [restartedMain] o.s.b.a.e.web.EndpointLinksResolver      : Exposing 18 endpoints beneath base path '/actuator'
2025-01-05T10:38:41.916-03:00  INFO 16532 --- [mscreditcards] [restartedMain] o.s.b.w.embedded.tomcat.TomcatWebServer  : Tomcat started on port 64885 (http) with context path '/'
2025-01-05T10:38:41.918-03:00  INFO 16532 --- [mscreditcards] [restartedMain] .s.c.n.e.s.EurekaAutoServiceRegistration : Updating port to 64885
2025-01-05T10:38:41.922-03:00  INFO 16532 --- [mscreditcards] [restartedMain] o.s.c.n.eureka.InstanceInfoFactory       : Setting initial instance status as: STARTING
2025-01-05T10:38:41.940-03:00  INFO 16532 --- [mscreditcards] [restartedMain] com.netflix.discovery.DiscoveryClient    : Initializing Eureka in region us-east-1
2025-01-05T10:38:41.942-03:00  INFO 16532 --- [mscreditcards] [restartedMain] c.n.d.s.r.aws.ConfigClusterResolver      : Resolving eureka endpoints via configuration
2025-01-05T10:38:41.946-03:00  INFO 16532 --- [mscreditcards] [restartedMain] com.netflix.discovery.DiscoveryClient    : Disable delta property : false
2025-01-05T10:38:41.946-03:00  INFO 16532 --- [mscreditcards] [restartedMain] com.netflix.discovery.DiscoveryClient    : Single vip registry refresh property : null
2025-01-05T10:38:41.947-03:00  INFO 16532 --- [mscreditcards] [restartedMain] com.netflix.discovery.DiscoveryClient    : Force full registry fetch : false
2025-01-05T10:38:41.947-03:00  INFO 16532 --- [mscreditcards] [restartedMain] com.netflix.discovery.DiscoveryClient    : Application is null : false
2025-01-05T10:38:41.947-03:00  INFO 16532 --- [mscreditcards] [restartedMain] com.netflix.discovery.DiscoveryClient    : Registered Applications size is zero : true
2025-01-05T10:38:41.947-03:00  INFO 16532 --- [mscreditcards] [restartedMain] com.netflix.discovery.DiscoveryClient    : Application version is -1: true
2025-01-05T10:38:41.947-03:00  INFO 16532 --- [mscreditcards] [restartedMain] com.netflix.discovery.DiscoveryClient    : Getting all instance registry info from the eureka server
2025-01-05T10:38:42.339-03:00  INFO 16532 --- [mscreditcards] [restartedMain] com.netflix.discovery.DiscoveryClient    : The response status is 200
2025-01-05T10:38:42.340-03:00  INFO 16532 --- [mscreditcards] [restartedMain] com.netflix.discovery.DiscoveryClient    : Starting heartbeat executor: renew interval is: 30
2025-01-05T10:38:42.343-03:00  INFO 16532 --- [mscreditcards] [restartedMain] c.n.discovery.InstanceInfoReplicator     : InstanceInfoReplicator onDemand update allowed rate per min is 4
2025-01-05T10:38:42.344-03:00  INFO 16532 --- [mscreditcards] [restartedMain] com.netflix.discovery.DiscoveryClient    : Discovery Client initialized at timestamp 1736084322344 with initial instances count: 0
2025-01-05T10:38:42.347-03:00  INFO 16532 --- [mscreditcards] [restartedMain] o.s.c.n.e.s.EurekaServiceRegistry        : Registering application MSCREDITCARDS with eureka with status UP
2025-01-05T10:38:42.348-03:00  INFO 16532 --- [mscreditcards] [restartedMain] com.netflix.discovery.DiscoveryClient    : Saw local status change event StatusChangeEvent [timestamp=1736084322348, current=UP, previous=STARTING]
2025-01-05T10:38:42.348-03:00  INFO 16532 --- [mscreditcards] [DiscoveryClient-InstanceInfoReplicator-%d] com.netflix.discovery.DiscoveryClient    : DiscoveryClient_MSCREDITCARDS/mscreditcards:650978146560e09d226e7ed20cf7c7d9: registering service...
2025-01-05T10:38:42.355-03:00  INFO 16532 --- [mscreditcards] [restartedMain] o.s.a.r.c.CachingConnectionFactory       : Attempting to connect to: [localhost:5672]
2025-01-05T10:38:42.359-03:00  INFO 16532 --- [mscreditcards] [restartedMain] o.s.a.r.l.SimpleMessageListenerContainer : Broker not available; cannot force queue declarations during start: java.net.ConnectException: Connection refused: getsockopt
2025-01-05T10:38:42.364-03:00  INFO 16532 --- [mscreditcards] [org.springframework.amqp.rabbit.RabbitListenerEndpointContainer#0-1] o.s.a.r.c.CachingConnectionFactory       : Attempting to connect to: [localhost:5672]
2025-01-05T10:38:42.372-03:00  INFO 16532 --- [mscreditcards] [restartedMain] c.m.m.MscreditcardsApplication           : Started MscreditcardsApplication in 5.439 seconds (process running for 5.951)
2025-01-05T10:38:42.488-03:00  INFO 16532 --- [mscreditcards] [DiscoveryClient-InstanceInfoReplicator-%d] com.netflix.discovery.DiscoveryClient    : DiscoveryClient_MSCREDITCARDS/mscreditcards:650978146560e09d226e7ed20cf7c7d9 - registration status: 204
2025-01-05T10:38:47.487-03:00  WARN 16532 --- [mscreditcards] [org.springframework.amqp.rabbit.RabbitListenerEndpointContainer#0-1] o.s.a.r.l.SimpleMessageListenerContainer : Consumer raised exception, processing can restart if the connection factory supports it. Exception summary: org.springframework.amqp.AmqpConnectException: java.net.ConnectException: Connection refused: getsockopt
2025-01-05T10:38:47.489-03:00  INFO 16532 --- [mscreditcards] [org.springframework.amqp.rabbit.RabbitListenerEndpointContainer#0-1] o.s.a.r.l.SimpleMessageListenerContainer : Restarting Consumer@2f77282f: tags=[[]], channel=null, acknowledgeMode=AUTO local queue size=0
2025-01-05T10:38:47.490-03:00  INFO 16532 --- [mscreditcards] [org.springframework.amqp.rabbit.RabbitListenerEndpointContainer#0-2] o.s.a.r.c.CachingConnectionFactory       : Attempting to connect to: [localhost:5672]
2025-01-05T10:38:52.595-03:00  WARN 16532 --- [mscreditcards] [org.springframework.amqp.rabbit.RabbitListenerEndpointContainer#0-2] o.s.a.r.l.SimpleMessageListenerContainer : Consumer raised exception, processing can restart if the connection factory supports it. Exception summary: org.springframework.amqp.AmqpConnectException: java.net.ConnectException: Connection refused: getsockopt
2025-01-05T10:38:52.595-03:00  INFO 16532 --- [mscreditcards] [org.springframework.amqp.rabbit.RabbitListenerEndpointContainer#0-2] o.s.a.r.l.SimpleMessageListenerContainer : Restarting Consumer@795b61d9: tags=[[]], channel=null, acknowledgeMode=AUTO local queue size=0
2025-01-05T10:38:52.596-03:00  INFO 16532 --- [mscreditcards] [org.springframework.amqp.rabbit.RabbitListenerEndpointContainer#0-3] o.s.a.r.c.CachingConnectionFactory       : Attempting to connect to: [localhost:5672]
2025-01-05T10:38:57.675-03:00  WARN 16532 --- [mscreditcards] [org.springframework.amqp.rabbit.RabbitListenerEndpointContainer#0-3] o.s.a.r.l.SimpleMessageListenerContainer : Consumer raised exception, processing can restart if the connection factory supports it. Exception summary: org.springframework.amqp.AmqpConnectException: java.net.ConnectException: Connection refused: getsockopt
2025-01-05T10:38:57.675-03:00  INFO 16532 --- [mscreditcards] [org.springframework.amqp.rabbit.RabbitListenerEndpointContainer#0-3] o.s.a.r.l.SimpleMessageListenerContainer : Restarting Consumer@4cbbbc5b: tags=[[]], channel=null, acknowledgeMode=AUTO local queue size=0
2025-01-05T10:38:57.676-03:00  INFO 16532 --- [mscreditcards] [org.springframework.amqp.rabbit.RabbitListenerEndpointContainer#0-4] o.s.a.r.c.CachingConnectionFactory       : Attempting to connect to: [localhost:5672]
2025-01-05T10:39:02.786-03:00  WARN 16532 --- [mscreditcards] [org.springframework.amqp.rabbit.RabbitListenerEndpointContainer#0-4] o.s.a.r.l.SimpleMessageListenerContainer : Consumer raised exception, processing can restart if the connection factory supports it. Exception summary: org.springframework.amqp.AmqpConnectException: java.net.ConnectException: Connection refused: getsockopt
2025-01-05T10:39:02.786-03:00  INFO 16532 --- [mscreditcards] [org.springframework.amqp.rabbit.RabbitListenerEndpointContainer#0-4] o.s.a.r.l.SimpleMessageListenerContainer : Restarting Consumer@4f94e2b1: tags=[[]], channel=null, acknowledgeMode=AUTO local queue size=0
2025-01-05T10:39:02.787-03:00  INFO 16532 --- [mscreditcards] [org.springframework.amqp.rabbit.RabbitListenerEndpointContainer#0-5] o.s.a.r.c.CachingConnectionFactory       : Attempting to connect to: [localhost:5672]
2025-01-05T10:39:07.856-03:00  WARN 16532 --- [mscreditcards] [org.springframework.amqp.rabbit.RabbitListenerEndpointContainer#0-5] o.s.a.r.l.SimpleMessageListenerContainer : Consumer raised exception, processing can restart if the connection factory supports it. Exception summary: org.springframework.amqp.AmqpConnectException: java.net.ConnectException: Connection refused: getsockopt
2025-01-05T10:39:07.857-03:00  INFO 16532 --- [mscreditcards] [org.springframework.amqp.rabbit.RabbitListenerEndpointContainer#0-5] o.s.a.r.l.SimpleMessageListenerContainer : Restarting Consumer@5266feb4: tags=[[]], channel=null, acknowledgeMode=AUTO local queue size=0
2025-01-05T10:39:07.857-03:00  INFO 16532 --- [mscreditcards] [org.springframework.amqp.rabbit.RabbitListenerEndpointContainer#0-6] o.s.a.r.c.CachingConnectionFactory       : Attempting to connect to: [localhost:5672]
2025-01-05T10:39:12.347-03:00  INFO 16532 --- [mscreditcards] [DiscoveryClient-CacheRefreshExecutor-%d] com.netflix.discovery.DiscoveryClient    : Disable delta property : false
2025-01-05T10:39:12.347-03:00  INFO 16532 --- [mscreditcards] [DiscoveryClient-CacheRefreshExecutor-%d] com.netflix.discovery.DiscoveryClient    : Single vip registry refresh property : null
2025-01-05T10:39:12.347-03:00  INFO 16532 --- [mscreditcards] [DiscoveryClient-CacheRefreshExecutor-%d] com.netflix.discovery.DiscoveryClient    : Force full registry fetch : false
2025-01-05T10:39:12.347-03:00  INFO 16532 --- [mscreditcards] [DiscoveryClient-CacheRefreshExecutor-%d] com.netflix.discovery.DiscoveryClient    : Application is null : false
2025-01-05T10:39:12.347-03:00  INFO 16532 --- [mscreditcards] [DiscoveryClient-CacheRefreshExecutor-%d] com.netflix.discovery.DiscoveryClient    : Registered Applications size is zero : true
2025-01-05T10:39:12.347-03:00  INFO 16532 --- [mscreditcards] [DiscoveryClient-CacheRefreshExecutor-%d] com.netflix.discovery.DiscoveryClient    : Application version is -1: false
2025-01-05T10:39:12.347-03:00  INFO 16532 --- [mscreditcards] [DiscoveryClient-CacheRefreshExecutor-%d] com.netflix.discovery.DiscoveryClient    : Getting all instance registry info from the eureka server
2025-01-05T10:39:12.426-03:00  INFO 16532 --- [mscreditcards] [DiscoveryClient-CacheRefreshExecutor-%d] com.netflix.discovery.DiscoveryClient    : The response status is 200
2025-01-05T10:39:12.906-03:00  WARN 16532 --- [mscreditcards] [org.springframework.amqp.rabbit.RabbitListenerEndpointContainer#0-6] o.s.a.r.l.SimpleMessageListenerContainer : Consumer raised exception, processing can restart if the connection factory supports it. Exception summary: org.springframework.amqp.AmqpConnectException: java.net.ConnectException: Connection refused: getsockopt
2025-01-05T10:39:12.906-03:00  INFO 16532 --- [mscreditcards] [org.springframework.amqp.rabbit.RabbitListenerEndpointContainer#0-6] o.s.a.r.l.SimpleMessageListenerContainer : Restarting Consumer@5098e21c: tags=[[]], channel=null, acknowledgeMode=AUTO local queue size=0
2025-01-05T10:39:12.907-03:00  INFO 16532 --- [mscreditcards] [org.springframework.amqp.rabbit.RabbitListenerEndpointContainer#0-7] o.s.a.r.c.CachingConnectionFactory       : Attempting to connect to: [localhost:5672]
2025-01-05T10:39:17.985-03:00  WARN 16532 --- [mscreditcards] [org.springframework.amqp.rabbit.RabbitListenerEndpointContainer#0-7] o.s.a.r.l.SimpleMessageListenerContainer : Consumer raised exception, processing can restart if the connection factory supports it. Exception summary: org.springframework.amqp.AmqpConnectException: java.net.ConnectException: Connection refused: getsockopt
2025-01-05T10:39:17.985-03:00  INFO 16532 --- [mscreditcards] [org.springframework.amqp.rabbit.RabbitListenerEndpointContainer#0-7] o.s.a.r.l.SimpleMessageListenerContainer : Restarting Consumer@786176b2: tags=[[]], channel=null, acknowledgeMode=AUTO local queue size=0
2025-01-05T10:39:17.986-03:00  INFO 16532 --- [mscreditcards] [org.springframework.amqp.rabbit.RabbitListenerEndpointContainer#0-8] o.s.a.r.c.CachingConnectionFactory       : Attempting to connect to: [localhost:5672]
2025-01-05T10:39:23.091-03:00  WARN 16532 --- [mscreditcards] [org.springframework.amqp.rabbit.RabbitListenerEndpointContainer#0-8] o.s.a.r.l.SimpleMessageListenerContainer : Consumer raised exception, processing can restart if the connection factory supports it. Exception summary: org.springframework.amqp.AmqpConnectException: java.net.ConnectException: Connection refused: getsockopt
2025-01-05T10:39:23.091-03:00  INFO 16532 --- [mscreditcards] [org.springframework.amqp.rabbit.RabbitListenerEndpointContainer#0-8] o.s.a.r.l.SimpleMessageListenerContainer : Restarting Consumer@7d8766c2: tags=[[]], channel=null, acknowledgeMode=AUTO local queue size=0
2025-01-05T10:39:23.092-03:00  INFO 16532 --- [mscreditcards] [org.springframework.amqp.rabbit.RabbitListenerEndpointContainer#0-9] o.s.a.r.c.CachingConnectionFactory       : Attempting to connect to: [localhost:5672]
2025-01-05T10:39:28.189-03:00  WARN 16532 --- [mscreditcards] [org.springframework.amqp.rabbit.RabbitListenerEndpointContainer#0-9] o.s.a.r.l.SimpleMessageListenerContainer : Consumer raised exception, processing can restart if the connection factory supports it. Exception summary: org.springframework.amqp.AmqpConnectException: java.net.ConnectException: Connection refused: getsockopt
2025-01-05T10:39:28.189-03:00  INFO 16532 --- [mscreditcards] [org.springframework.amqp.rabbit.RabbitListenerEndpointContainer#0-9] o.s.a.r.l.SimpleMessageListenerContainer : Restarting Consumer@32526ee1: tags=[[]], channel=null, acknowledgeMode=AUTO local queue size=0
2025-01-05T10:39:28.190-03:00  INFO 16532 --- [mscreditcards] [org.springframework.amqp.rabbit.RabbitListenerEndpointContainer#0-10] o.s.a.r.c.CachingConnectionFactory       : Attempting to connect to: [localhost:5672]
2025-01-05T10:39:33.318-03:00  WARN 16532 --- [mscreditcards] [org.springframework.amqp.rabbit.RabbitListenerEndpointContainer#0-10] o.s.a.r.l.SimpleMessageListenerContainer : Consumer raised exception, processing can restart if the connection factory supports it. Exception summary: org.springframework.amqp.AmqpConnectException: java.net.ConnectException: Connection refused: getsockopt
2025-01-05T10:39:33.318-03:00  INFO 16532 --- [mscreditcards] [org.springframework.amqp.rabbit.RabbitListenerEndpointContainer#0-10] o.s.a.r.l.SimpleMessageListenerContainer : Restarting Consumer@620fd713: tags=[[]], channel=null, acknowledgeMode=AUTO local queue size=0
2025-01-05T10:39:33.319-03:00  INFO 16532 --- [mscreditcards] [org.springframework.amqp.rabbit.RabbitListenerEndpointContainer#0-11] o.s.a.r.c.CachingConnectionFactory       : Attempting to connect to: [localhost:5672]
2025-01-05T10:39:38.442-03:00  WARN 16532 --- [mscreditcards] [org.springframework.amqp.rabbit.RabbitListenerEndpointContainer#0-11] o.s.a.r.l.SimpleMessageListenerContainer : Consumer raised exception, processing can restart if the connection factory supports it. Exception summary: org.springframework.amqp.AmqpConnectException: java.net.ConnectException: Connection refused: getsockopt
2025-01-05T10:39:38.442-03:00  INFO 16532 --- [mscreditcards] [org.springframework.amqp.rabbit.RabbitListenerEndpointContainer#0-11] o.s.a.r.l.SimpleMessageListenerContainer : Restarting Consumer@71bd7697: tags=[[]], channel=null, acknowledgeMode=AUTO local queue size=0
2025-01-05T10:39:38.443-03:00  INFO 16532 --- [mscreditcards] [org.springframework.amqp.rabbit.RabbitListenerEndpointContainer#0-12] o.s.a.r.c.CachingConnectionFactory       : Attempting to connect to: [localhost:5672]
2025-01-05T10:39:43.550-03:00  WARN 16532 --- [mscreditcards] [org.springframework.amqp.rabbit.RabbitListenerEndpointContainer#0-12] o.s.a.r.l.SimpleMessageListenerContainer : Consumer raised exception, processing can restart if the connection factory supports it. Exception summary: org.springframework.amqp.AmqpConnectException: java.net.ConnectException: Connection refused: getsockopt
2025-01-05T10:39:43.550-03:00  INFO 16532 --- [mscreditcards] [org.springframework.amqp.rabbit.RabbitListenerEndpointContainer#0-12] o.s.a.r.l.SimpleMessageListenerContainer : Restarting Consumer@7b08ac08: tags=[[]], channel=null, acknowledgeMode=AUTO local queue size=0
2025-01-05T10:39:43.551-03:00  INFO 16532 --- [mscreditcards] [org.springframework.amqp.rabbit.RabbitListenerEndpointContainer#0-13] o.s.a.r.c.CachingConnectionFactory       : Attempting to connect to: [localhost:5672]
2025-01-05T10:39:48.641-03:00  WARN 16532 --- [mscreditcards] [org.springframework.amqp.rabbit.RabbitListenerEndpointContainer#0-13] o.s.a.r.l.SimpleMessageListenerContainer : Consumer raised exception, processing can restart if the connection factory supports it. Exception summary: org.springframework.amqp.AmqpConnectException: java.net.ConnectException: Connection refused: getsockopt
2025-01-05T10:39:48.641-03:00  INFO 16532 --- [mscreditcards] [org.springframework.amqp.rabbit.RabbitListenerEndpointContainer#0-13] o.s.a.r.l.SimpleMessageListenerContainer : Restarting Consumer@6b0a8688: tags=[[]], channel=null, acknowledgeMode=AUTO local queue size=0
2025-01-05T10:39:48.642-03:00  INFO 16532 --- [mscreditcards] [org.springframework.amqp.rabbit.RabbitListenerEndpointContainer#0-14] o.s.a.r.c.CachingConnectionFactory       : Attempting to connect to: [localhost:5672]
2025-01-05T10:39:53.736-03:00  WARN 16532 --- [mscreditcards] [org.springframework.amqp.rabbit.RabbitListenerEndpointContainer#0-14] o.s.a.r.l.SimpleMessageListenerContainer : Consumer raised exception, processing can restart if the connection factory supports it. Exception summary: org.springframework.amqp.AmqpConnectException: java.net.ConnectException: Connection refused: getsockopt
2025-01-05T10:39:53.736-03:00  INFO 16532 --- [mscreditcards] [org.springframework.amqp.rabbit.RabbitListenerEndpointContainer#0-14] o.s.a.r.l.SimpleMessageListenerContainer : Restarting Consumer@21cfbf02: tags=[[]], channel=null, acknowledgeMode=AUTO local queue size=0
2025-01-05T10:39:53.737-03:00  INFO 16532 --- [mscreditcards] [org.springframework.amqp.rabbit.RabbitListenerEndpointContainer#0-15] o.s.a.r.c.CachingConnectionFactory       : Attempting to connect to: [localhost:5672]
2025-01-05T10:39:58.819-03:00  WARN 16532 --- [mscreditcards] [org.springframework.amqp.rabbit.RabbitListenerEndpointContainer#0-15] o.s.a.r.l.SimpleMessageListenerContainer : Consumer raised exception, processing can restart if the connection factory supports it. Exception summary: org.springframework.amqp.AmqpConnectException: java.net.ConnectException: Connection refused: getsockopt
2025-01-05T10:39:58.819-03:00  INFO 16532 --- [mscreditcards] [org.springframework.amqp.rabbit.RabbitListenerEndpointContainer#0-15] o.s.a.r.l.SimpleMessageListenerContainer : Restarting Consumer@57224924: tags=[[]], channel=null, acknowledgeMode=AUTO local queue size=0
2025-01-05T10:39:58.820-03:00  INFO 16532 --- [mscreditcards] [org.springframework.amqp.rabbit.RabbitListenerEndpointContainer#0-16] o.s.a.r.c.CachingConnectionFactory       : Attempting to connect to: [localhost:5672]
2025-01-05T10:40:03.939-03:00  WARN 16532 --- [mscreditcards] [org.springframework.amqp.rabbit.RabbitListenerEndpointContainer#0-16] o.s.a.r.l.SimpleMessageListenerContainer : Consumer raised exception, processing can restart if the connection factory supports it. Exception summary: org.springframework.amqp.AmqpConnectException: java.net.ConnectException: Connection refused: getsockopt
2025-01-05T10:40:03.939-03:00  INFO 16532 --- [mscreditcards] [org.springframework.amqp.rabbit.RabbitListenerEndpointContainer#0-16] o.s.a.r.l.SimpleMessageListenerContainer : Restarting Consumer@32271ea8: tags=[[]], channel=null, acknowledgeMode=AUTO local queue size=0
2025-01-05T10:40:03.940-03:00  INFO 16532 --- [mscreditcards] [org.springframework.amqp.rabbit.RabbitListenerEndpointContainer#0-17] o.s.a.r.c.CachingConnectionFactory       : Attempting to connect to: [localhost:5672]
2025-01-05T10:40:09.037-03:00  WARN 16532 --- [mscreditcards] [org.springframework.amqp.rabbit.RabbitListenerEndpointContainer#0-17] o.s.a.r.l.SimpleMessageListenerContainer : Consumer raised exception, processing can restart if the connection factory supports it. Exception summary: org.springframework.amqp.AmqpConnectException: java.net.ConnectException: Connection refused: getsockopt
2025-01-05T10:40:09.037-03:00  INFO 16532 --- [mscreditcards] [org.springframework.amqp.rabbit.RabbitListenerEndpointContainer#0-17] o.s.a.r.l.SimpleMessageListenerContainer : Restarting Consumer@7c495e3c: tags=[[]], channel=null, acknowledgeMode=AUTO local queue size=0
2025-01-05T10:40:09.037-03:00  INFO 16532 --- [mscreditcards] [org.springframework.amqp.rabbit.RabbitListenerEndpointContainer#0-18] o.s.a.r.c.CachingConnectionFactory       : Attempting to connect to: [localhost:5672]
2025-01-05T10:40:14.126-03:00  WARN 16532 --- [mscreditcards] [org.springframework.amqp.rabbit.RabbitListenerEndpointContainer#0-18] o.s.a.r.l.SimpleMessageListenerContainer : Consumer raised exception, processing can restart if the connection factory supports it. Exception summary: org.springframework.amqp.AmqpConnectException: java.net.ConnectException: Connection refused: getsockopt
2025-01-05T10:40:14.126-03:00  INFO 16532 --- [mscreditcards] [org.springframework.amqp.rabbit.RabbitListenerEndpointContainer#0-18] o.s.a.r.l.SimpleMessageListenerContainer : Restarting Consumer@55b359db: tags=[[]], channel=null, acknowledgeMode=AUTO local queue size=0
2025-01-05T10:40:14.127-03:00  INFO 16532 --- [mscreditcards] [org.springframework.amqp.rabbit.RabbitListenerEndpointContainer#0-19] o.s.a.r.c.CachingConnectionFactory       : Attempting to connect to: [localhost:5672]
2025-01-05T10:40:19.226-03:00  WARN 16532 --- [mscreditcards] [org.springframework.amqp.rabbit.RabbitListenerEndpointContainer#0-19] o.s.a.r.l.SimpleMessageListenerContainer : Consumer raised exception, processing can restart if the connection factory supports it. Exception summary: org.springframework.amqp.AmqpConnectException: java.net.ConnectException: Connection refused: getsockopt
2025-01-05T10:40:19.226-03:00  INFO 16532 --- [mscreditcards] [org.springframework.amqp.rabbit.RabbitListenerEndpointContainer#0-19] o.s.a.r.l.SimpleMessageListenerContainer : Restarting Consumer@44069696: tags=[[]], channel=null, acknowledgeMode=AUTO local queue size=0
2025-01-05T10:40:19.227-03:00  INFO 16532 --- [mscreditcards] [org.springframework.amqp.rabbit.RabbitListenerEndpointContainer#0-20] o.s.a.r.c.CachingConnectionFactory       : Attempting to connect to: [localhost:5672]
2025-01-05T10:40:24.336-03:00  WARN 16532 --- [mscreditcards] [org.springframework.amqp.rabbit.RabbitListenerEndpointContainer#0-20] o.s.a.r.l.SimpleMessageListenerContainer : Consumer raised exception, processing can restart if the connection factory supports it. Exception summary: org.springframework.amqp.AmqpConnectException: java.net.ConnectException: Connection refused: getsockopt
2025-01-05T10:40:24.336-03:00  INFO 16532 --- [mscreditcards] [org.springframework.amqp.rabbit.RabbitListenerEndpointContainer#0-20] o.s.a.r.l.SimpleMessageListenerContainer : Restarting Consumer@7e774e43: tags=[[]], channel=null, acknowledgeMode=AUTO local queue size=0
2025-01-05T10:40:24.337-03:00  INFO 16532 --- [mscreditcards] [org.springframework.amqp.rabbit.RabbitListenerEndpointContainer#0-21] o.s.a.r.c.CachingConnectionFactory       : Attempting to connect to: [localhost:5672]
2025-01-05T10:40:29.405-03:00  WARN 16532 --- [mscreditcards] [org.springframework.amqp.rabbit.RabbitListenerEndpointContainer#0-21] o.s.a.r.l.SimpleMessageListenerContainer : Consumer raised exception, processing can restart if the connection factory supports it. Exception summary: org.springframework.amqp.AmqpConnectException: java.net.ConnectException: Connection refused: getsockopt
2025-01-05T10:40:29.405-03:00  INFO 16532 --- [mscreditcards] [org.springframework.amqp.rabbit.RabbitListenerEndpointContainer#0-21] o.s.a.r.l.SimpleMessageListenerContainer : Restarting Consumer@2d5c0975: tags=[[]], channel=null, acknowledgeMode=AUTO local queue size=0
2025-01-05T10:40:29.406-03:00  INFO 16532 --- [mscreditcards] [org.springframework.amqp.rabbit.RabbitListenerEndpointContainer#0-22] o.s.a.r.c.CachingConnectionFactory       : Attempting to connect to: [localhost:5672]
2025-01-05T10:40:34.488-03:00  WARN 16532 --- [mscreditcards] [org.springframework.amqp.rabbit.RabbitListenerEndpointContainer#0-22] o.s.a.r.l.SimpleMessageListenerContainer : Consumer raised exception, processing can restart if the connection factory supports it. Exception summary: org.springframework.amqp.AmqpConnectException: java.net.ConnectException: Connection refused: getsockopt
2025-01-05T10:40:34.488-03:00  INFO 16532 --- [mscreditcards] [org.springframework.amqp.rabbit.RabbitListenerEndpointContainer#0-22] o.s.a.r.l.SimpleMessageListenerContainer : Restarting Consumer@73478b12: tags=[[]], channel=null, acknowledgeMode=AUTO local queue size=0
2025-01-05T10:40:34.489-03:00  INFO 16532 --- [mscreditcards] [org.springframework.amqp.rabbit.RabbitListenerEndpointContainer#0-23] o.s.a.r.c.CachingConnectionFactory       : Attempting to connect to: [localhost:5672]
2025-01-05T10:40:39.586-03:00  WARN 16532 --- [mscreditcards] [org.springframework.amqp.rabbit.RabbitListenerEndpointContainer#0-23] o.s.a.r.l.SimpleMessageListenerContainer : Consumer raised exception, processing can restart if the connection factory supports it. Exception summary: org.springframework.amqp.AmqpConnectException: java.net.ConnectException: Connection refused: getsockopt
2025-01-05T10:40:39.586-03:00  INFO 16532 --- [mscreditcards] [org.springframework.amqp.rabbit.RabbitListenerEndpointContainer#0-23] o.s.a.r.l.SimpleMessageListenerContainer : Restarting Consumer@55f4482b: tags=[[]], channel=null, acknowledgeMode=AUTO local queue size=0
2025-01-05T10:40:39.587-03:00  INFO 16532 --- [mscreditcards] [org.springframework.amqp.rabbit.RabbitListenerEndpointContainer#0-24] o.s.a.r.c.CachingConnectionFactory       : Attempting to connect to: [localhost:5672]
2025-01-05T10:40:44.663-03:00  WARN 16532 --- [mscreditcards] [org.springframework.amqp.rabbit.RabbitListenerEndpointContainer#0-24] o.s.a.r.l.SimpleMessageListenerContainer : Consumer raised exception, processing can restart if the connection factory supports it. Exception summary: org.springframework.amqp.AmqpConnectException: java.net.ConnectException: Connection refused: getsockopt
2025-01-05T10:40:44.663-03:00  INFO 16532 --- [mscreditcards] [org.springframework.amqp.rabbit.RabbitListenerEndpointContainer#0-24] o.s.a.r.l.SimpleMessageListenerContainer : Restarting Consumer@3980d145: tags=[[]], channel=null, acknowledgeMode=AUTO local queue size=0
2025-01-05T10:40:44.664-03:00  INFO 16532 --- [mscreditcards] [org.springframework.amqp.rabbit.RabbitListenerEndpointContainer#0-25] o.s.a.r.c.CachingConnectionFactory       : Attempting to connect to: [localhost:5672]
2025-01-05T10:40:49.741-03:00  WARN 16532 --- [mscreditcards] [org.springframework.amqp.rabbit.RabbitListenerEndpointContainer#0-25] o.s.a.r.l.SimpleMessageListenerContainer : Consumer raised exception, processing can restart if the connection factory supports it. Exception summary: org.springframework.amqp.AmqpConnectException: java.net.ConnectException: Connection refused: getsockopt
2025-01-05T10:40:49.741-03:00  INFO 16532 --- [mscreditcards] [org.springframework.amqp.rabbit.RabbitListenerEndpointContainer#0-25] o.s.a.r.l.SimpleMessageListenerContainer : Restarting Consumer@29a36497: tags=[[]], channel=null, acknowledgeMode=AUTO local queue size=0
2025-01-05T10:40:49.741-03:00  INFO 16532 --- [mscreditcards] [org.springframework.amqp.rabbit.RabbitListenerEndpointContainer#0-26] o.s.a.r.c.CachingConnectionFactory       : Attempting to connect to: [localhost:5672]
2025-01-05T10:40:54.807-03:00  WARN 16532 --- [mscreditcards] [org.springframework.amqp.rabbit.RabbitListenerEndpointContainer#0-26] o.s.a.r.l.SimpleMessageListenerContainer : Consumer raised exception, processing can restart if the connection factory supports it. Exception summary: org.springframework.amqp.AmqpConnectException: java.net.ConnectException: Connection refused: getsockopt
2025-01-05T10:40:54.807-03:00  INFO 16532 --- [mscreditcards] [org.springframework.amqp.rabbit.RabbitListenerEndpointContainer#0-26] o.s.a.r.l.SimpleMessageListenerContainer : Restarting Consumer@628fef2b: tags=[[]], channel=null, acknowledgeMode=AUTO local queue size=0
2025-01-05T10:40:54.808-03:00  INFO 16532 --- [mscreditcards] [org.springframework.amqp.rabbit.RabbitListenerEndpointContainer#0-27] o.s.a.r.c.CachingConnectionFactory       : Attempting to connect to: [localhost:5672]
2025-01-05T10:40:59.895-03:00  WARN 16532 --- [mscreditcards] [org.springframework.amqp.rabbit.RabbitListenerEndpointContainer#0-27] o.s.a.r.l.SimpleMessageListenerContainer : Consumer raised exception, processing can restart if the connection factory supports it. Exception summary: org.springframework.amqp.AmqpConnectException: java.net.ConnectException: Connection refused: getsockopt
2025-01-05T10:40:59.895-03:00  INFO 16532 --- [mscreditcards] [org.springframework.amqp.rabbit.RabbitListenerEndpointContainer#0-27] o.s.a.r.l.SimpleMessageListenerContainer : Restarting Consumer@68f28659: tags=[[]], channel=null, acknowledgeMode=AUTO local queue size=0
2025-01-05T10:40:59.896-03:00  INFO 16532 --- [mscreditcards] [org.springframework.amqp.rabbit.RabbitListenerEndpointContainer#0-28] o.s.a.r.c.CachingConnectionFactory       : Attempting to connect to: [localhost:5672]
2025-01-05T10:41:04.967-03:00  WARN 16532 --- [mscreditcards] [org.springframework.amqp.rabbit.RabbitListenerEndpointContainer#0-28] o.s.a.r.l.SimpleMessageListenerContainer : Consumer raised exception, processing can restart if the connection factory supports it. Exception summary: org.springframework.amqp.AmqpConnectException: java.net.ConnectException: Connection refused: getsockopt
2025-01-05T10:41:04.967-03:00  INFO 16532 --- [mscreditcards] [org.springframework.amqp.rabbit.RabbitListenerEndpointContainer#0-28] o.s.a.r.l.SimpleMessageListenerContainer : Restarting Consumer@7c3f8a4f: tags=[[]], channel=null, acknowledgeMode=AUTO local queue size=0
2025-01-05T10:41:04.968-03:00  INFO 16532 --- [mscreditcards] [org.springframework.amqp.rabbit.RabbitListenerEndpointContainer#0-29] o.s.a.r.c.CachingConnectionFactory       : Attempting to connect to: [localhost:5672]
2025-01-05T10:41:10.078-03:00  WARN 16532 --- [mscreditcards] [org.springframework.amqp.rabbit.RabbitListenerEndpointContainer#0-29] o.s.a.r.l.SimpleMessageListenerContainer : Consumer raised exception, processing can restart if the connection factory supports it. Exception summary: org.springframework.amqp.AmqpConnectException: java.net.ConnectException: Connection refused: getsockopt
2025-01-05T10:41:10.078-03:00  INFO 16532 --- [mscreditcards] [org.springframework.amqp.rabbit.RabbitListenerEndpointContainer#0-29] o.s.a.r.l.SimpleMessageListenerContainer : Restarting Consumer@379508f4: tags=[[]], channel=null, acknowledgeMode=AUTO local queue size=0
2025-01-05T10:41:10.078-03:00  INFO 16532 --- [mscreditcards] [org.springframework.amqp.rabbit.RabbitListenerEndpointContainer#0-30] o.s.a.r.c.CachingConnectionFactory       : Attempting to connect to: [localhost:5672]
2025-01-05T10:41:15.137-03:00  WARN 16532 --- [mscreditcards] [org.springframework.amqp.rabbit.RabbitListenerEndpointContainer#0-30] o.s.a.r.l.SimpleMessageListenerContainer : Consumer raised exception, processing can restart if the connection factory supports it. Exception summary: org.springframework.amqp.AmqpConnectException: java.net.ConnectException: Connection refused: getsockopt
2025-01-05T10:41:15.137-03:00  INFO 16532 --- [mscreditcards] [org.springframework.amqp.rabbit.RabbitListenerEndpointContainer#0-30] o.s.a.r.l.SimpleMessageListenerContainer : Restarting Consumer@4824d828: tags=[[]], channel=null, acknowledgeMode=AUTO local queue size=0
2025-01-05T10:41:15.138-03:00  INFO 16532 --- [mscreditcards] [org.springframework.amqp.rabbit.RabbitListenerEndpointContainer#0-31] o.s.a.r.c.CachingConnectionFactory       : Attempting to connect to: [localhost:5672]
2025-01-05T10:41:20.217-03:00  WARN 16532 --- [mscreditcards] [org.springframework.amqp.rabbit.RabbitListenerEndpointContainer#0-31] o.s.a.r.l.SimpleMessageListenerContainer : Consumer raised exception, processing can restart if the connection factory supports it. Exception summary: org.springframework.amqp.AmqpConnectException: java.net.ConnectException: Connection refused: getsockopt
2025-01-05T10:41:20.217-03:00  INFO 16532 --- [mscreditcards] [org.springframework.amqp.rabbit.RabbitListenerEndpointContainer#0-31] o.s.a.r.l.SimpleMessageListenerContainer : Restarting Consumer@6490e34e: tags=[[]], channel=null, acknowledgeMode=AUTO local queue size=0
2025-01-05T10:41:20.218-03:00  INFO 16532 --- [mscreditcards] [org.springframework.amqp.rabbit.RabbitListenerEndpointContainer#0-32] o.s.a.r.c.CachingConnectionFactory       : Attempting to connect to: [localhost:5672]
