2025-01-05T10:39:06.560-03:00  INFO 2888 --- [mscreditassessment] [restartedMain] c.m.m.MscreditassessmentApplication      : Starting MscreditassessmentApplication using Java 23.0.1 with PID 2888 (D:\Repositórios\Java-Microservices\mscreditassessment\target\classes started by Raul in D:\Repositórios\Java-Microservices\mscreditassessment)
2025-01-05T10:39:06.561-03:00  INFO 2888 --- [mscreditassessment] [restartedMain] c.m.m.MscreditassessmentApplication      : No active profile set, falling back to 1 default profile: "default"
2025-01-05T10:39:06.624-03:00  INFO 2888 --- [mscreditassessment] [restartedMain] .e.DevToolsPropertyDefaultsPostProcessor : Devtools property defaults active! Set 'spring.devtools.add-properties' to 'false' to disable
2025-01-05T10:39:06.624-03:00  INFO 2888 --- [mscreditassessment] [restartedMain] .e.DevToolsPropertyDefaultsPostProcessor : For additional web related logging consider setting the 'logging.level.web' property to 'DEBUG'
2025-01-05T10:39:07.526-03:00  INFO 2888 --- [mscreditassessment] [restartedMain] o.s.cloud.context.scope.GenericScope     : BeanFactory id=6a84f088-c48c-338a-8cfc-1d3473fb9f41
2025-01-05T10:39:07.776-03:00  INFO 2888 --- [mscreditassessment] [restartedMain] o.s.b.w.embedded.tomcat.TomcatWebServer  : Tomcat initialized with port 0 (http)
2025-01-05T10:39:07.784-03:00  INFO 2888 --- [mscreditassessment] [restartedMain] o.apache.catalina.core.StandardService   : Starting service [Tomcat]
2025-01-05T10:39:07.784-03:00  INFO 2888 --- [mscreditassessment] [restartedMain] o.apache.catalina.core.StandardEngine    : Starting Servlet engine: [Apache Tomcat/10.1.33]
2025-01-05T10:39:07.825-03:00  INFO 2888 --- [mscreditassessment] [restartedMain] o.a.c.c.C.[Tomcat].[localhost].[/]       : Initializing Spring embedded WebApplicationContext
2025-01-05T10:39:07.825-03:00  INFO 2888 --- [mscreditassessment] [restartedMain] w.s.c.ServletWebServerApplicationContext : Root WebApplicationContext: initialization completed in 1201 ms
2025-01-05T10:39:08.162-03:00  WARN 2888 --- [mscreditassessment] [restartedMain] o.s.b.d.a.OptionalLiveReloadServer       : Unable to start LiveReload server
2025-01-05T10:39:08.208-03:00  INFO 2888 --- [mscreditassessment] [restartedMain] o.s.c.openfeign.FeignClientFactoryBean   : For 'mscustomers' URL not provided. Will try picking an instance via load-balancing.
2025-01-05T10:39:08.259-03:00  INFO 2888 --- [mscreditassessment] [restartedMain] o.s.c.openfeign.FeignClientFactoryBean   : For 'mscreditcards' URL not provided. Will try picking an instance via load-balancing.
2025-01-05T10:39:08.948-03:00  INFO 2888 --- [mscreditassessment] [restartedMain] DiscoveryClientOptionalArgsConfiguration : Eureka HTTP Client uses RestTemplate.
2025-01-05T10:39:08.961-03:00  WARN 2888 --- [mscreditassessment] [restartedMain] iguration$LoadBalancerCaffeineWarnLogger : Spring Cloud LoadBalancer is currently working with the default cache. While this cache implementation is useful for development and tests, it's recommended to use Caffeine cache in production.You can switch to using Caffeine cache, by adding it and org.springframework.cache.caffeine.CaffeineCacheManager to the classpath.
2025-01-05T10:39:08.974-03:00  INFO 2888 --- [mscreditassessment] [restartedMain] o.s.b.a.e.web.EndpointLinksResolver      : Exposing 18 endpoints beneath base path '/actuator'
2025-01-05T10:39:09.028-03:00  INFO 2888 --- [mscreditassessment] [restartedMain] o.s.b.w.embedded.tomcat.TomcatWebServer  : Tomcat started on port 64928 (http) with context path '/'
2025-01-05T10:39:09.029-03:00  INFO 2888 --- [mscreditassessment] [restartedMain] .s.c.n.e.s.EurekaAutoServiceRegistration : Updating port to 64928
2025-01-05T10:39:09.032-03:00  INFO 2888 --- [mscreditassessment] [restartedMain] o.s.c.n.eureka.InstanceInfoFactory       : Setting initial instance status as: STARTING
2025-01-05T10:39:09.042-03:00  INFO 2888 --- [mscreditassessment] [restartedMain] com.netflix.discovery.DiscoveryClient    : Initializing Eureka in region us-east-1
2025-01-05T10:39:09.045-03:00  INFO 2888 --- [mscreditassessment] [restartedMain] c.n.d.s.r.aws.ConfigClusterResolver      : Resolving eureka endpoints via configuration
2025-01-05T10:39:09.048-03:00  INFO 2888 --- [mscreditassessment] [restartedMain] com.netflix.discovery.DiscoveryClient    : Disable delta property : false
2025-01-05T10:39:09.048-03:00  INFO 2888 --- [mscreditassessment] [restartedMain] com.netflix.discovery.DiscoveryClient    : Single vip registry refresh property : null
2025-01-05T10:39:09.049-03:00  INFO 2888 --- [mscreditassessment] [restartedMain] com.netflix.discovery.DiscoveryClient    : Force full registry fetch : false
2025-01-05T10:39:09.049-03:00  INFO 2888 --- [mscreditassessment] [restartedMain] com.netflix.discovery.DiscoveryClient    : Application is null : false
2025-01-05T10:39:09.049-03:00  INFO 2888 --- [mscreditassessment] [restartedMain] com.netflix.discovery.DiscoveryClient    : Registered Applications size is zero : true
2025-01-05T10:39:09.049-03:00  INFO 2888 --- [mscreditassessment] [restartedMain] com.netflix.discovery.DiscoveryClient    : Application version is -1: true
2025-01-05T10:39:09.049-03:00  INFO 2888 --- [mscreditassessment] [restartedMain] com.netflix.discovery.DiscoveryClient    : Getting all instance registry info from the eureka server
2025-01-05T10:39:09.276-03:00  INFO 2888 --- [mscreditassessment] [restartedMain] com.netflix.discovery.DiscoveryClient    : The response status is 200
2025-01-05T10:39:09.277-03:00  INFO 2888 --- [mscreditassessment] [restartedMain] com.netflix.discovery.DiscoveryClient    : Starting heartbeat executor: renew interval is: 30
2025-01-05T10:39:09.278-03:00  INFO 2888 --- [mscreditassessment] [restartedMain] c.n.discovery.InstanceInfoReplicator     : InstanceInfoReplicator onDemand update allowed rate per min is 4
2025-01-05T10:39:09.279-03:00  INFO 2888 --- [mscreditassessment] [restartedMain] com.netflix.discovery.DiscoveryClient    : Discovery Client initialized at timestamp 1736084349279 with initial instances count: 2
2025-01-05T10:39:09.281-03:00  INFO 2888 --- [mscreditassessment] [restartedMain] o.s.c.n.e.s.EurekaServiceRegistry        : Registering application MSCREDITASSESSMENT with eureka with status UP
2025-01-05T10:39:09.282-03:00  INFO 2888 --- [mscreditassessment] [restartedMain] com.netflix.discovery.DiscoveryClient    : Saw local status change event StatusChangeEvent [timestamp=1736084349282, current=UP, previous=STARTING]
2025-01-05T10:39:09.283-03:00  INFO 2888 --- [mscreditassessment] [DiscoveryClient-InstanceInfoReplicator-%d] com.netflix.discovery.DiscoveryClient    : DiscoveryClient_MSCREDITASSESSMENT/mscreditassessment:bed3d042b8663b00a534da6e13a5c0e4: registering service...
2025-01-05T10:39:09.296-03:00  INFO 2888 --- [mscreditassessment] [restartedMain] c.m.m.MscreditassessmentApplication      : Started MscreditassessmentApplication in 3.053 seconds (process running for 3.508)
2025-01-05T10:39:09.367-03:00  INFO 2888 --- [mscreditassessment] [DiscoveryClient-InstanceInfoReplicator-%d] com.netflix.discovery.DiscoveryClient    : DiscoveryClient_MSCREDITASSESSMENT/mscreditassessment:bed3d042b8663b00a534da6e13a5c0e4 - registration status: 204
